2025-03-07T14:42:45.398+05:30  INFO 16084 --- [EmployeePayrollApp] [restartedMain] c.b.E.EmployeePayrollAppApplication      : Starting EmployeePayrollAppApplication using Java 22 with PID 16084 (C:\Users\SHIVA SHUKLA\Desktop\SpringBoot BridgeLabz\EmployeePayrollApp\target\classes started by root in C:\Users\SHIVA SHUKLA\Desktop\SpringBoot BridgeLabz\EmployeePayrollApp)
2025-03-07T14:42:45.403+05:30 DEBUG 16084 --- [EmployeePayrollApp] [restartedMain] c.b.E.EmployeePayrollAppApplication      : Running with Spring Boot v3.4.3, Spring v6.2.3
2025-03-07T14:42:45.405+05:30  INFO 16084 --- [EmployeePayrollApp] [restartedMain] c.b.E.EmployeePayrollAppApplication      : No active profile set, falling back to 1 default profile: "default"
2025-03-07T14:42:45.500+05:30  INFO 16084 --- [EmployeePayrollApp] [restartedMain] .e.DevToolsPropertyDefaultsPostProcessor : Devtools property defaults active! Set 'spring.devtools.add-properties' to 'false' to disable
2025-03-07T14:42:45.501+05:30  INFO 16084 --- [EmployeePayrollApp] [restartedMain] .e.DevToolsPropertyDefaultsPostProcessor : For additional web related logging consider setting the 'logging.level.web' property to 'DEBUG'
2025-03-07T14:42:46.971+05:30  INFO 16084 --- [EmployeePayrollApp] [restartedMain] .s.d.r.c.RepositoryConfigurationDelegate : Bootstrapping Spring Data JPA repositories in DEFAULT mode.
2025-03-07T14:42:47.083+05:30  INFO 16084 --- [EmployeePayrollApp] [restartedMain] .s.d.r.c.RepositoryConfigurationDelegate : Finished Spring Data repository scanning in 97 ms. Found 1 JPA repository interface.
2025-03-07T14:42:48.098+05:30  INFO 16084 --- [EmployeePayrollApp] [restartedMain] o.s.b.w.embedded.tomcat.TomcatWebServer  : Tomcat initialized with port 8080 (http)
2025-03-07T14:42:48.125+05:30  INFO 16084 --- [EmployeePayrollApp] [restartedMain] o.apache.catalina.core.StandardService   : Starting service [Tomcat]
2025-03-07T14:42:48.125+05:30  INFO 16084 --- [EmployeePayrollApp] [restartedMain] o.apache.catalina.core.StandardEngine    : Starting Servlet engine: [Apache Tomcat/10.1.36]
2025-03-07T14:42:48.187+05:30  INFO 16084 --- [EmployeePayrollApp] [restartedMain] o.a.c.c.C.[Tomcat].[localhost].[/]       : Initializing Spring embedded WebApplicationContext
2025-03-07T14:42:48.188+05:30  INFO 16084 --- [EmployeePayrollApp] [restartedMain] w.s.c.ServletWebServerApplicationContext : Root WebApplicationContext: initialization completed in 2686 ms
2025-03-07T14:42:48.534+05:30  INFO 16084 --- [EmployeePayrollApp] [restartedMain] o.hibernate.jpa.internal.util.LogHelper  : HHH000204: Processing PersistenceUnitInfo [name: default]
2025-03-07T14:42:48.641+05:30  INFO 16084 --- [EmployeePayrollApp] [restartedMain] org.hibernate.Version                    : HHH000412: Hibernate ORM core version 6.6.8.Final
2025-03-07T14:42:48.709+05:30  INFO 16084 --- [EmployeePayrollApp] [restartedMain] o.h.c.internal.RegionFactoryInitiator    : HHH000026: Second-level cache disabled
2025-03-07T14:42:49.292+05:30  INFO 16084 --- [EmployeePayrollApp] [restartedMain] o.s.o.j.p.SpringPersistenceUnitInfo      : No LoadTimeWeaver setup: ignoring JPA class transformer
2025-03-07T14:42:49.353+05:30  INFO 16084 --- [EmployeePayrollApp] [restartedMain] com.zaxxer.hikari.HikariDataSource       : HikariPool-1 - Starting...
2025-03-07T14:42:49.926+05:30  INFO 16084 --- [EmployeePayrollApp] [restartedMain] com.zaxxer.hikari.pool.HikariPool        : HikariPool-1 - Added connection com.mysql.cj.jdbc.ConnectionImpl@77f7bd10
2025-03-07T14:42:49.929+05:30  INFO 16084 --- [EmployeePayrollApp] [restartedMain] com.zaxxer.hikari.HikariDataSource       : HikariPool-1 - Start completed.
2025-03-07T14:42:49.999+05:30  WARN 16084 --- [EmployeePayrollApp] [restartedMain] org.hibernate.orm.deprecation            : HHH90000025: MySQL8Dialect does not need to be specified explicitly using 'hibernate.dialect' (remove the property setting and it will be selected by default)
2025-03-07T14:42:50.002+05:30  WARN 16084 --- [EmployeePayrollApp] [restartedMain] org.hibernate.orm.deprecation            : HHH90000026: MySQL8Dialect has been deprecated; use org.hibernate.dialect.MySQLDialect instead
2025-03-07T14:42:50.028+05:30  INFO 16084 --- [EmployeePayrollApp] [restartedMain] org.hibernate.orm.connections.pooling    : HHH10001005: Database info:
	Database JDBC URL [Connecting through datasource 'HikariDataSource (HikariPool-1)']
	Database driver: undefined/unknown
	Database version: 8.0
	Autocommit mode: undefined/unknown
	Isolation level: undefined/unknown
	Minimum pool size: undefined/unknown
	Maximum pool size: undefined/unknown
2025-03-07T14:42:51.139+05:30  INFO 16084 --- [EmployeePayrollApp] [restartedMain] o.h.e.t.j.p.i.JtaPlatformInitiator       : HHH000489: No JTA platform available (set 'hibernate.transaction.jta.platform' to enable JTA platform integration)
2025-03-07T14:42:51.196+05:30  INFO 16084 --- [EmployeePayrollApp] [restartedMain] j.LocalContainerEntityManagerFactoryBean : Initialized JPA EntityManagerFactory for persistence unit 'default'
2025-03-07T14:42:51.368+05:30  WARN 16084 --- [EmployeePayrollApp] [restartedMain] JpaBaseConfiguration$JpaWebConfiguration : spring.jpa.open-in-view is enabled by default. Therefore, database queries may be performed during view rendering. Explicitly configure spring.jpa.open-in-view to disable this warning
2025-03-07T14:42:54.254+05:30  INFO 16084 --- [EmployeePayrollApp] [restartedMain] o.s.b.d.a.OptionalLiveReloadServer       : LiveReload server is running on port 35729
2025-03-07T14:42:54.363+05:30  INFO 16084 --- [EmployeePayrollApp] [restartedMain] o.s.b.w.embedded.tomcat.TomcatWebServer  : Tomcat started on port 8080 (http) with context path '/'
2025-03-07T14:42:54.395+05:30  INFO 16084 --- [EmployeePayrollApp] [restartedMain] c.b.E.EmployeePayrollAppApplication      : Started EmployeePayrollAppApplication in 9.991 seconds (process running for 11.128)
2025-03-07T14:45:55.188+05:30  INFO 16084 --- [EmployeePayrollApp] [http-nio-8080-exec-1] o.a.c.c.C.[Tomcat].[localhost].[/]       : Initializing Spring DispatcherServlet 'dispatcherServlet'
2025-03-07T14:45:55.188+05:30  INFO 16084 --- [EmployeePayrollApp] [http-nio-8080-exec-1] o.s.web.servlet.DispatcherServlet        : Initializing Servlet 'dispatcherServlet'
2025-03-07T14:45:55.191+05:30  INFO 16084 --- [EmployeePayrollApp] [http-nio-8080-exec-1] o.s.web.servlet.DispatcherServlet        : Completed initialization in 3 ms
2025-03-07T14:45:55.370+05:30  INFO 16084 --- [EmployeePayrollApp] [http-nio-8080-exec-1] c.b.E.controller.EmployeeController      : Creating new employee: com.bridgeLabz.EmployeePayrollApp.model.Employee@7c0398a8
